<?xml version="1.0" encoding="UTF-8"?>
<!-- Generated by org.testng.reporters.JUnitReportReporter -->
<testsuite skipped="0" hostname="DESKTOP-TC004CS" name="com.hyder.testcase.BookFlightTest" tests="2" failures="0" timestamp="15 Aug 2019 10:34:41 GMT" time="40.846" errors="0">
  <testcase name="firstTestCase" time="19.250" classname="com.hyder.testcase.BookFlightTest"/>
  <testcase name="secondTestCase" time="21.596" classname="com.hyder.testcase.BookFlightTest"/>
</testsuite> <!-- com.hyder.testcase.BookFlightTest -->
